C:\UF_TEACHING\CAP5705_FALL2017\PROJECTS\PROJ1_MESH\_GRADINGSOLUTION_\PROJ1_MESH_GRADING\SRC\MAINSRC\DEBUG\MAIN.OBJ
C:\UF_TEACHING\CAP5705_FALL2017\PROJECTS\PROJ1_MESH\_GRADINGSOLUTION_\PROJ1_MESH_GRADING\SRC\MAINSRC\DEBUG\MYSPHERE.OBJ
C:\UF_TEACHING\CAP5705_FALL2017\PROJECTS\PROJ1_MESH\_GRADINGSOLUTION_\PROJ1_MESH_GRADING\SRC\MAINSRC\DEBUG\VC110.PDB
C:\UF_TEACHING\CAP5705_FALL2017\PROJECTS\PROJ1_MESH\_SUBMIT_\PROJ1_MESH_GRADING\SRC\MAINSRC\DEBUG\MAIN.OBJ
C:\UF_TEACHING\CAP5705_FALL2017\PROJECTS\PROJ1_MESH\_SUBMIT_\PROJ1_MESH_GRADING\SRC\MAINSRC\DEBUG\MYSPHERE.OBJ
C:\UF_TEACHING\CAP5705_FALL2017\PROJECTS\PROJ1_MESH\_SUBMIT_\PROJ1_MESH_GRADING\SRC\MAINSRC\DEBUG\VC110.PDB
C:\UF_TEACHING\CAP5705_FALL2017\PROJECTS\PROJ1_MESH\_GRADINGSOLUTION_\PROJ1_MESH_GRADING\SRC\MAINSRC\DEBUG\PROJ1_MESH.EXE
C:\UF_TEACHING\CAP5705_FALL2017\PROJECTS\PROJ1_MESH\_GRADINGSOLUTION_\PROJ1_MESH_GRADING\SRC\MAINSRC\DEBUG\PROJ1_MESH.PDB
C:\UF_TEACHING\CAP5705_FALL2017\PROJECTS\PROJ1_MESH\_SUBMIT_\PROJ1_MESH_GRADING\SRC\MAINSRC\DEBUG\PROJ1_MESH.EXE
C:\UF_TEACHING\CAP5705_FALL2017\PROJECTS\PROJ1_MESH\_SUBMIT_\PROJ1_MESH_GRADING\SRC\MAINSRC\DEBUG\PROJ1_MESH.PDB
C:\UF_Teaching\CAP5705_Fall2017\projects\proj1_mesh\_submit_\proj1_mesh_grading\src\mainsrc\Debug\main.obj
C:\UF_Teaching\CAP5705_Fall2017\projects\proj1_mesh\_submit_\proj1_mesh_grading\src\mainsrc\Debug\MySphere.obj
C:\UF_Teaching\CAP5705_Fall2017\projects\proj1_mesh\_submit_\proj1_mesh_grading\src\mainsrc\Debug\cl.command.1.tlog
C:\UF_Teaching\CAP5705_Fall2017\projects\proj1_mesh\_submit_\proj1_mesh_grading\src\mainsrc\Debug\CL.read.1.tlog
C:\UF_Teaching\CAP5705_Fall2017\projects\proj1_mesh\_submit_\proj1_mesh_grading\src\mainsrc\Debug\CL.write.1.tlog
C:\UF_Teaching\CAP5705_Fall2017\projects\proj1_mesh\_submit_\proj1_mesh_grading\src\mainsrc\Debug\link-cvtres.read.1.tlog
C:\UF_Teaching\CAP5705_Fall2017\projects\proj1_mesh\_submit_\proj1_mesh_grading\src\mainsrc\Debug\link-cvtres.write.1.tlog
C:\UF_Teaching\CAP5705_Fall2017\projects\proj1_mesh\_submit_\proj1_mesh_grading\src\mainsrc\Debug\link-rc.read.1.tlog
C:\UF_Teaching\CAP5705_Fall2017\projects\proj1_mesh\_submit_\proj1_mesh_grading\src\mainsrc\Debug\link-rc.write.1.tlog
C:\UF_Teaching\CAP5705_Fall2017\projects\proj1_mesh\_submit_\proj1_mesh_grading\src\mainsrc\Debug\link.command.1.tlog
C:\UF_Teaching\CAP5705_Fall2017\projects\proj1_mesh\_submit_\proj1_mesh_grading\src\mainsrc\Debug\link.read.1.tlog
C:\UF_Teaching\CAP5705_Fall2017\projects\proj1_mesh\_submit_\proj1_mesh_grading\src\mainsrc\Debug\link.write.1.tlog
C:\UF_Teaching\CAP5705_Fall2017\projects\proj1_mesh\_submit_\proj1_mesh_grading\src\mainsrc\Debug\vc110.idb
C:\UF_Teaching\CAP5705_Fall2017\projects\proj1_mesh\_submit_\proj1_mesh_grading\src\mainsrc\Debug\proj1_mesh.pdb
C:\UF_Teaching\CAP5705_Fall2017\projects\proj1_mesh\_submit_\proj1_mesh_grading\src\mainsrc\Debug\vc110.pdb
C:\UF_Teaching\CAP5705_Fall2017\projects\proj1_mesh\_submit_\proj1_mesh_grading\src\mainsrc\Debug\proj1_mesh.exe
