c:\users\jiadawei\desktop\cgproj1\src\libst\vc2008\debug\vc120.pdb
c:\users\jiadawei\desktop\cgproj1\src\libst\vc2008\debug\vc120.idb
c:\users\jiadawei\desktop\cgproj1\src\libst\vc2008\debug\stcolor3f.obj
c:\users\jiadawei\desktop\cgproj1\src\libst\vc2008\debug\stcolor4f.obj
c:\users\jiadawei\desktop\cgproj1\src\libst\vc2008\debug\stcolor4ub.obj
c:\users\jiadawei\desktop\cgproj1\src\libst\vc2008\debug\stfont.obj
c:\users\jiadawei\desktop\cgproj1\src\libst\vc2008\debug\stimage.obj
c:\users\jiadawei\desktop\cgproj1\src\libst\vc2008\debug\stimage_jpeg.obj
c:\users\jiadawei\desktop\cgproj1\src\libst\vc2008\debug\stimage_png.obj
c:\users\jiadawei\desktop\cgproj1\src\libst\vc2008\debug\stimage_ppm.obj
c:\users\jiadawei\desktop\cgproj1\src\libst\vc2008\debug\stjoystick.obj
c:\users\jiadawei\desktop\cgproj1\src\libst\vc2008\debug\stjoystick_win32.obj
c:\users\jiadawei\desktop\cgproj1\src\libst\vc2008\debug\stpoint2.obj
c:\users\jiadawei\desktop\cgproj1\src\libst\vc2008\debug\stpoint3.obj
c:\users\jiadawei\desktop\cgproj1\src\libst\vc2008\debug\stshaderprogram.obj
c:\users\jiadawei\desktop\cgproj1\src\libst\vc2008\debug\stshape.obj
c:\users\jiadawei\desktop\cgproj1\src\libst\vc2008\debug\sttexture.obj
c:\users\jiadawei\desktop\cgproj1\src\libst\vc2008\debug\sttimer.obj
c:\users\jiadawei\desktop\cgproj1\src\libst\vc2008\debug\sttrianglemesh.obj
c:\users\jiadawei\desktop\cgproj1\src\libst\vc2008\debug\stvector2.obj
c:\users\jiadawei\desktop\cgproj1\src\libst\vc2008\debug\stvector3.obj
c:\users\jiadawei\desktop\cgproj1\src\libst\vc2008\debug\tiny_obj_loader.obj
c:\users\jiadawei\desktop\cgproj1\src\libst\lib\debug\libst.lib
c:\users\jiadawei\desktop\cgproj1\src\libst\vc2008\debug\libst.tlog\cl.command.1.tlog
c:\users\jiadawei\desktop\cgproj1\src\libst\vc2008\debug\libst.tlog\cl.read.1.tlog
c:\users\jiadawei\desktop\cgproj1\src\libst\vc2008\debug\libst.tlog\cl.write.1.tlog
c:\users\jiadawei\desktop\cgproj1\src\libst\vc2008\debug\libst.tlog\lib-link.read.1.tlog
c:\users\jiadawei\desktop\cgproj1\src\libst\vc2008\debug\libst.tlog\lib-link.write.1.tlog
c:\users\jiadawei\desktop\cgproj1\src\libst\vc2008\debug\libst.tlog\lib.command.1.tlog
